<?xml version="1.0" encoding="UTF-8"?>
<coverage generated="1700737041062" clover="3.2.0">
  <project timestamp="1700737041063" name="All files">
    <metrics statements="26" coveredstatements="26" conditionals="15" coveredconditionals="14" methods="4" coveredmethods="4" elements="45" coveredelements="44" complexity="0" loc="26" ncloc="26" packages="1" files="1" classes="1"/>
    <file name="exercice20.js" path="C:\Code\Formation_CDA\Web\HTML-CSS\JS\exercice20.js">
      <metrics statements="26" coveredstatements="26" conditionals="15" coveredconditionals="14" methods="4" coveredmethods="4"/>
      <line num="1" count="1" type="stmt"/>
      <line num="5" count="9" type="stmt"/>
      <line num="7" count="9" type="stmt"/>
      <line num="8" count="64" type="stmt"/>
      <line num="9" count="64" type="cond" truecount="6" falsecount="0"/>
      <line num="10" count="2" type="stmt"/>
      <line num="13" count="7" type="stmt"/>
      <line num="19" count="12" type="stmt"/>
      <line num="20" count="12" type="stmt"/>
      <line num="22" count="12" type="cond" truecount="2" falsecount="0"/>
      <line num="23" count="2" type="stmt"/>
      <line num="26" count="10" type="stmt"/>
      <line num="28" count="10" type="stmt"/>
      <line num="30" count="40" type="stmt"/>
      <line num="32" count="40" type="cond" truecount="2" falsecount="0"/>
      <line num="33" count="12" type="stmt"/>
      <line num="35" count="12" type="stmt"/>
      <line num="37" count="28" type="stmt"/>
      <line num="40" count="10" type="stmt"/>
      <line num="47" count="1" type="cond" truecount="4" falsecount="1"/>
      <line num="49" count="1" type="stmt"/>
      <line num="51" count="1" type="stmt"/>
      <line num="56" count="33" type="stmt"/>
      <line num="57" count="33" type="stmt"/>
      <line num="59" count="33" type="stmt"/>
      <line num="62" count="1" type="stmt"/>
    </file>
  </project>
</coverage>
