{"C:\\Code\\Formation_CDA\\Web\\HTML-CSS\\JS\\exercice20.js": {"path":"C:\\Code\\Formation_CDA\\Web\\HTML-CSS\\JS\\exercice20.js","statementMap":{"0":{"start":{"line":1,"column":0},"end":{"line":1,"column":46}},"1":{"start":{"line":5,"column":1},"end":{"line":5,"column":42}},"2":{"start":{"line":7,"column":1},"end":{"line":12,"column":2}},"3":{"start":{"line":7,"column":14},"end":{"line":7,"column":15}},"4":{"start":{"line":8,"column":13},"end":{"line":8,"column":26}},"5":{"start":{"line":9,"column":2},"end":{"line":11,"column":3}},"6":{"start":{"line":10,"column":3},"end":{"line":10,"column":16}},"7":{"start":{"line":13,"column":1},"end":{"line":13,"column":13}},"8":{"start":{"line":19,"column":1},"end":{"line":19,"column":52}},"9":{"start":{"line":20,"column":1},"end":{"line":20,"column":58}},"10":{"start":{"line":22,"column":1},"end":{"line":24,"column":2}},"11":{"start":{"line":23,"column":2},"end":{"line":23,"column":11}},"12":{"start":{"line":26,"column":17},"end":{"line":26,"column":18}},"13":{"start":{"line":28,"column":1},"end":{"line":38,"column":2}},"14":{"start":{"line":28,"column":14},"end":{"line":28,"column":15}},"15":{"start":{"line":30,"column":12},"end":{"line":30,"column":58}},"16":{"start":{"line":32,"column":2},"end":{"line":37,"column":11}},"17":{"start":{"line":33,"column":3},"end":{"line":33,"column":54}},"18":{"start":{"line":35,"column":3},"end":{"line":35,"column":27}},"19":{"start":{"line":37,"column":7},"end":{"line":37,"column":11}},"20":{"start":{"line":40,"column":1},"end":{"line":40,"column":19}},"21":{"start":{"line":47,"column":1},"end":{"line":47,"column":119}},"22":{"start":{"line":47,"column":98},"end":{"line":47,"column":119}},"23":{"start":{"line":49,"column":13},"end":{"line":49,"column":49}},"24":{"start":{"line":51,"column":1},"end":{"line":51,"column":69}},"25":{"start":{"line":56,"column":1},"end":{"line":56,"column":25}},"26":{"start":{"line":57,"column":1},"end":{"line":57,"column":31}},"27":{"start":{"line":59,"column":1},"end":{"line":59,"column":12}},"28":{"start":{"line":62,"column":0},"end":{"line":62,"column":48}}},"fnMap":{"0":{"name":"verifyInput","decl":{"start":{"line":4,"column":9},"end":{"line":4,"column":20}},"loc":{"start":{"line":4,"column":25},"end":{"line":14,"column":1}},"line":4},"1":{"name":"getProportion","decl":{"start":{"line":17,"column":9},"end":{"line":17,"column":22}},"loc":{"start":{"line":17,"column":45},"end":{"line":41,"column":1}},"line":17},"2":{"name":"inputAdn","decl":{"start":{"line":43,"column":9},"end":{"line":43,"column":17}},"loc":{"start":{"line":43,"column":40},"end":{"line":52,"column":1}},"line":43},"3":{"name":"lowercaseAndRemoveWhitespaces","decl":{"start":{"line":55,"column":9},"end":{"line":55,"column":38}},"loc":{"start":{"line":55,"column":43},"end":{"line":60,"column":1}},"line":55}},"branchMap":{"0":{"loc":{"start":{"line":9,"column":2},"end":{"line":11,"column":3}},"type":"if","locations":[{"start":{"line":9,"column":2},"end":{"line":11,"column":3}},{"start":{},"end":{}}],"line":9},"1":{"loc":{"start":{"line":9,"column":6},"end":{"line":9,"column":66}},"type":"binary-expr","locations":[{"start":{"line":9,"column":6},"end":{"line":9,"column":18}},{"start":{"line":9,"column":22},"end":{"line":9,"column":34}},{"start":{"line":9,"column":38},"end":{"line":9,"column":50}},{"start":{"line":9,"column":54},"end":{"line":9,"column":66}}],"line":9},"2":{"loc":{"start":{"line":22,"column":1},"end":{"line":24,"column":2}},"type":"if","locations":[{"start":{"line":22,"column":1},"end":{"line":24,"column":2}},{"start":{},"end":{}}],"line":22},"3":{"loc":{"start":{"line":32,"column":2},"end":{"line":37,"column":11}},"type":"if","locations":[{"start":{"line":32,"column":2},"end":{"line":37,"column":11}},{"start":{"line":37,"column":7},"end":{"line":37,"column":11}}],"line":32},"4":{"loc":{"start":{"line":47,"column":1},"end":{"line":47,"column":119}},"type":"if","locations":[{"start":{"line":47,"column":1},"end":{"line":47,"column":119}},{"start":{},"end":{}}],"line":47},"5":{"loc":{"start":{"line":47,"column":5},"end":{"line":47,"column":96}},"type":"binary-expr","locations":[{"start":{"line":47,"column":5},"end":{"line":47,"column":27}},{"start":{"line":47,"column":31},"end":{"line":47,"column":56}},{"start":{"line":47,"column":60},"end":{"line":47,"column":96}}],"line":47}},"s":{"0":1,"1":9,"2":9,"3":9,"4":64,"5":64,"6":2,"7":7,"8":12,"9":12,"10":12,"11":2,"12":10,"13":10,"14":10,"15":40,"16":40,"17":12,"18":12,"19":28,"20":10,"21":1,"22":0,"23":1,"24":1,"25":33,"26":33,"27":33,"28":1},"f":{"0":9,"1":12,"2":1,"3":33},"b":{"0":[2,62],"1":[64,41,27,14],"2":[2,10],"3":[12,28],"4":[0,1],"5":[1,1,1]},"_coverageSchema":"1a1c01bbd47fc00a2c39e90264f33305004495a9","hash":"6d77d0d8e5e6e342adf361e72eaee725737c538c"}
}
