TN:
SF:HTML-CSS\JS\exercice20.js
FN:4,verifyInput
FN:17,getProportion
FN:43,inputAdn
FN:55,lowercaseAndRemoveWhitespaces
FNF:4
FNH:4
FNDA:9,verifyInput
FNDA:12,getProportion
FNDA:1,inputAdn
FNDA:33,lowercaseAndRemoveWhitespaces
DA:1,1
DA:5,9
DA:7,9
DA:8,64
DA:9,64
DA:10,2
DA:13,7
DA:19,12
DA:20,12
DA:22,12
DA:23,2
DA:26,10
DA:28,10
DA:30,40
DA:32,40
DA:33,12
DA:35,12
DA:37,28
DA:40,10
DA:47,1
DA:49,1
DA:51,1
DA:56,33
DA:57,33
DA:59,33
DA:62,1
LF:26
LH:26
BRDA:9,0,0,2
BRDA:9,0,1,62
BRDA:9,1,0,64
BRDA:9,1,1,41
BRDA:9,1,2,27
BRDA:9,1,3,14
BRDA:22,2,0,2
BRDA:22,2,1,10
BRDA:32,3,0,12
BRDA:32,3,1,28
BRDA:47,4,0,0
BRDA:47,4,1,1
BRDA:47,5,0,1
BRDA:47,5,1,1
BRDA:47,5,2,1
BRF:15
BRH:14
end_of_record
